
> expense-tracker@0.1.0 lint
> eslint


D:\Dev Projects\AI Voice Expense Tracker\expense-tracker\src\components\ExpenseList.tsx
  3:10  warning  'useState' is defined but never used        @typescript-eslint/no-unused-vars
  7:15  warning  'ExpenseDBModel' is defined but never used  @typescript-eslint/no-unused-vars

D:\Dev Projects\AI Voice Expense Tracker\expense-tracker\src\lib\useExpenses.ts
  15:7  error  Error: Calling setState synchronously within an effect can trigger cascading renders

Effects are intended to synchronize state between React and external systems such as manually updating the DOM, state management libraries, or other platform APIs. In general, the body of an effect should do one or both of the following:
* Update external systems with the latest state from React.
* Subscribe for updates from some external system, calling setState in a callback function when external state changes.

Calling setState synchronously within an effect body causes cascading renders that can hurt performance, and is not recommended. (https://react.dev/learn/you-might-not-need-an-effect).

D:\Dev Projects\AI Voice Expense Tracker\expense-tracker\src\lib\useExpenses.ts:15:7
  13 |   useEffect(() => {
  14 |     if (!user) {
> 15 |       setExpenses([]);
     |       ^^^^^^^^^^^ Avoid calling setState() directly within an effect
  16 |       setLoading(false);
  17 |       return;
  18 |     }  react-hooks/set-state-in-effect

Γ£û 3 problems (1 error, 2 warnings)

